2022-09-12 14:26:52,545 INFO o.a.j.u.JMeterUtils: Setting Locale to en_EN
2022-09-12 14:26:52,623 INFO o.a.j.JMeter: Loading user properties from: /usr/local/Cellar/jmeter/5.5/libexec/bin/user.properties
2022-09-12 14:26:52,625 INFO o.a.j.JMeter: Loading system properties from: /usr/local/Cellar/jmeter/5.5/libexec/bin/system.properties
2022-09-12 14:26:52,644 INFO o.a.j.JMeter: Copyright (c) 1998-2022 The Apache Software Foundation
2022-09-12 14:26:52,645 INFO o.a.j.JMeter: Version 5.5
2022-09-12 14:26:52,645 INFO o.a.j.JMeter: java.version=18.0.2.1
2022-09-12 14:26:52,645 INFO o.a.j.JMeter: java.vm.name=OpenJDK 64-Bit Server VM
2022-09-12 14:26:52,645 INFO o.a.j.JMeter: os.name=Mac OS X
2022-09-12 14:26:52,646 INFO o.a.j.JMeter: os.arch=x86_64
2022-09-12 14:26:52,646 INFO o.a.j.JMeter: os.version=11.6.8
2022-09-12 14:26:52,646 INFO o.a.j.JMeter: file.encoding=UTF-8
2022-09-12 14:26:52,646 INFO o.a.j.JMeter: java.awt.headless=null
2022-09-12 14:26:52,647 INFO o.a.j.JMeter: Max memory     =1073741824
2022-09-12 14:26:52,647 INFO o.a.j.JMeter: Available Processors =4
2022-09-12 14:26:52,677 INFO o.a.j.JMeter: Default Locale=English (EN)
2022-09-12 14:26:52,678 INFO o.a.j.JMeter: JMeter  Locale=English (EN)
2022-09-12 14:26:52,678 INFO o.a.j.JMeter: JMeterHome=/usr/local/Cellar/jmeter/5.5/libexec
2022-09-12 14:26:52,678 INFO o.a.j.JMeter: user.dir  =/Users/kristina
2022-09-12 14:26:52,679 INFO o.a.j.JMeter: PWD       =/Users/kristina
2022-09-12 14:26:52,681 INFO o.a.j.JMeter: IP: 127.0.0.1 Name: MacBook-Air-Kris.local FullName: localhost
2022-09-12 14:26:52,706 INFO o.a.j.JMeter: Loaded icon properties from org/apache/jmeter/images/icon.properties
2022-09-12 14:26:53,858 INFO o.a.j.JMeterGuiLauncher: Setting LAF to: com.github.weisj.darklaf.DarkLaf:com.github.weisj.darklaf.theme.DarculaTheme
2022-09-12 14:27:02,091 INFO o.j.r.JARSourceHTTP: Found cached repo
2022-09-12 14:27:02,359 INFO o.j.r.PluginManager: Plugins Status: [jpgc-plugins-manager=1.7, jmeter-core=5.5, jmeter-ftp=5.5, jmeter-http=5.5, jmeter-jdbc=5.5, jmeter-jms=5.5, jmeter-junit=5.5, jmeter-java=5.5, jmeter-ldap=5.5, jmeter-mail=5.5, jmeter-mongodb=5.5, jmeter-native=5.5, jmeter-tcp=5.5, jmeter-components=5.5]
2022-09-12 14:27:11,236 INFO o.a.j.s.FileServer: Default base='/Users/kristina'
2022-09-12 14:27:11,242 INFO o.a.j.g.a.Load: Loading file: /Users/kristina/Group of request.jmx
2022-09-12 14:27:11,243 INFO o.a.j.s.FileServer: Set new base='/Users/kristina'
2022-09-12 14:27:11,643 INFO o.a.j.s.SaveService: Testplan (JMX) version: 2.2. Testlog (JTL) version: 2.2
2022-09-12 14:27:11,657 INFO o.a.j.s.SaveService: Using SaveService properties version 5.0
2022-09-12 14:27:11,660 INFO o.a.j.s.SaveService: Using SaveService properties file encoding UTF-8
2022-09-12 14:27:11,662 INFO o.a.j.s.SaveService: Loading file: /Users/kristina/Group of request.jmx
2022-09-12 14:27:11,916 INFO o.a.j.p.h.c.CookieManager: Settings: Delete null: true Check: true Allow variable: true Save: false Prefix: COOKIE_
2022-09-12 14:27:11,920 INFO o.a.j.p.h.c.CacheManager: Will only cache the following methods: [GET]
2022-09-12 14:27:11,929 INFO o.a.j.p.h.s.HTTPSamplerBase: Parser for text/html is org.apache.jmeter.protocol.http.parser.LagartoBasedHtmlParser
2022-09-12 14:27:11,929 INFO o.a.j.p.h.s.HTTPSamplerBase: Parser for application/xhtml+xml is org.apache.jmeter.protocol.http.parser.LagartoBasedHtmlParser
2022-09-12 14:27:11,930 INFO o.a.j.p.h.s.HTTPSamplerBase: Parser for application/xml is org.apache.jmeter.protocol.http.parser.LagartoBasedHtmlParser
2022-09-12 14:27:11,930 INFO o.a.j.p.h.s.HTTPSamplerBase: Parser for text/xml is org.apache.jmeter.protocol.http.parser.LagartoBasedHtmlParser
2022-09-12 14:27:11,930 INFO o.a.j.p.h.s.HTTPSamplerBase: Parser for text/vnd.wap.wml is org.apache.jmeter.protocol.http.parser.RegexpHTMLParser
2022-09-12 14:27:11,930 INFO o.a.j.p.h.s.HTTPSamplerBase: Parser for text/css is org.apache.jmeter.protocol.http.parser.CssParser
2022-09-12 14:27:12,605 INFO o.a.j.s.SampleResult: Note: Sample TimeStamps are START times
2022-09-12 14:27:12,606 INFO o.a.j.s.SampleResult: sampleresult.default.encoding is set to ISO-8859-1
2022-09-12 14:27:12,606 INFO o.a.j.s.SampleResult: sampleresult.useNanoTime=true
2022-09-12 14:27:12,606 INFO o.a.j.s.SampleResult: sampleresult.nanoThreadSleep=5000
2022-09-12 14:27:12,927 INFO o.a.j.v.ViewResultsFullVisualizer: Add JavaFX to your Java installation if you want to use renderer: org.apache.jmeter.visualizers.RenderInBrowser
2022-09-12 14:27:13,119 INFO o.a.j.v.ViewResultsFullVisualizer: Add JavaFX to your Java installation if you want to use renderer: org.apache.jmeter.visualizers.RenderInBrowser
2022-09-12 14:27:13,277 INFO o.a.j.s.FileServer: Set new base='/Users/kristina'
2022-09-12 14:27:23,188 INFO o.a.j.e.StandardJMeterEngine: Running the test!
2022-09-12 14:27:23,190 INFO o.a.j.s.SampleEvent: List of sample_variables: []
2022-09-12 14:27:23,190 INFO o.a.j.s.SampleEvent: List of sample_variables: []
2022-09-12 14:27:23,193 INFO o.a.j.e.u.CompoundVariable: Note: Function class names must contain the string: '.functions.'
2022-09-12 14:27:23,194 INFO o.a.j.e.u.CompoundVariable: Note: Function class names must not contain the string: '.gui.'
2022-09-12 14:27:23,275 INFO o.a.j.g.u.JMeterMenuBar: setRunning(true, *local*)
2022-09-12 14:27:23,363 INFO o.a.j.e.StandardJMeterEngine: Starting ThreadGroup: 1 : Hillel QAuto
2022-09-12 14:27:23,364 INFO o.a.j.e.StandardJMeterEngine: Starting 1 threads for group Hillel QAuto.
2022-09-12 14:27:23,364 INFO o.a.j.e.StandardJMeterEngine: Thread will continue on error
2022-09-12 14:27:23,366 INFO o.a.j.t.ThreadGroup: Starting thread group... number=1 threads=1 ramp-up=1 delayedStart=false
2022-09-12 14:27:23,372 INFO o.a.j.t.ThreadGroup: Started thread group number 1
2022-09-12 14:27:23,372 INFO o.a.j.e.StandardJMeterEngine: All thread groups have been started
2022-09-12 14:27:23,373 INFO o.a.j.t.JMeterThread: Thread started: Hillel QAuto 1-1
2022-09-12 14:27:23,391 INFO o.a.j.p.h.s.HTTPHCAbstractImpl: Local host = MacBook-Air-Kris.local
2022-09-12 14:27:23,401 INFO o.a.j.p.h.s.HTTPHC4Impl: HTTP request retry count = 0
2022-09-12 14:27:23,527 INFO o.a.j.p.h.s.h.LazyLayeredConnectionSocketFactory: Setting up HTTPS TrustAll Socket Factory
2022-09-12 14:27:23,530 INFO o.a.j.u.JsseSSLManager: Using default SSL protocol: TLS
2022-09-12 14:27:23,530 INFO o.a.j.u.JsseSSLManager: SSL session context: per-thread
2022-09-12 14:27:23,582 INFO o.a.j.u.SSLManager: JmeterKeyStore Location:  type JKS
2022-09-12 14:27:23,584 INFO o.a.j.u.SSLManager: KeyStore created OK
2022-09-12 14:27:23,585 WARN o.a.j.u.SSLManager: Keystore file not found, loading empty keystore
2022-09-12 14:28:24,908 INFO o.a.j.t.JMeterThread: Thread is done: Hillel QAuto 1-1
2022-09-12 14:28:24,908 INFO o.a.j.t.JMeterThread: Thread finished: Hillel QAuto 1-1
2022-09-12 14:28:24,911 INFO o.a.j.e.StandardJMeterEngine: Notifying test listeners of end of test
2022-09-12 14:28:24,912 INFO o.a.j.g.u.JMeterMenuBar: setRunning(false, *local*)
2022-09-12 15:03:01,649 INFO o.a.j.e.StandardJMeterEngine: Running the test!
2022-09-12 15:03:01,667 INFO o.a.j.s.SampleEvent: List of sample_variables: []
2022-09-12 15:03:01,673 INFO o.a.j.g.u.JMeterMenuBar: setRunning(true, *local*)
2022-09-12 15:03:01,873 INFO o.a.j.e.StandardJMeterEngine: Starting ThreadGroup: 1 : Hillel QAuto
2022-09-12 15:03:01,874 INFO o.a.j.e.StandardJMeterEngine: Starting 1 threads for group Hillel QAuto.
2022-09-12 15:03:01,874 INFO o.a.j.e.StandardJMeterEngine: Thread will continue on error
2022-09-12 15:03:01,884 INFO o.a.j.t.ThreadGroup: Starting thread group... number=1 threads=1 ramp-up=1 delayedStart=false
2022-09-12 15:03:01,886 INFO o.a.j.t.ThreadGroup: Started thread group number 1
2022-09-12 15:03:01,887 INFO o.a.j.e.StandardJMeterEngine: All thread groups have been started
2022-09-12 15:03:01,895 INFO o.a.j.t.JMeterThread: Thread started: Hillel QAuto 1-1
2022-09-12 15:04:03,244 INFO o.a.j.t.JMeterThread: Thread is done: Hillel QAuto 1-1
2022-09-12 15:04:03,244 INFO o.a.j.t.JMeterThread: Thread finished: Hillel QAuto 1-1
2022-09-12 15:04:03,246 INFO o.a.j.e.StandardJMeterEngine: Notifying test listeners of end of test
2022-09-12 15:04:03,246 INFO o.a.j.g.u.JMeterMenuBar: setRunning(false, *local*)
